<?xml version="1.0" encoding="utf-8"?>
<?AutomationStudio Version="4.5.2.102"?>
<Objects>
  <Object
    Path="C:\Users\admin\Desktop\memes\Zaoshanghaojongwo\Logical\Package.pkg"
    LogicalPath=""
    Type="Package.ParentUnknown"
    LastWriteTime="134012854985369959" />
  <Object
    Path="C:\Users\admin\Desktop\memes\Zaoshanghaojongwo\Logical\Global.typ"
    LogicalPath="Global.typ"
    Type="File"
    LastWriteTime="134012853700207856"
    Private="false" />
  <Object
    Path="C:\Users\admin\Desktop\memes\Zaoshanghaojongwo\Logical\Global.var"
    LogicalPath="Global.var"
    Type="File"
    LastWriteTime="134012853700367432"
    Private="false" />
  <Object
    Path="C:\Users\admin\Desktop\memes\Zaoshanghaojongwo\Logical\Libraries\Package.pkg"
    LogicalPath="Libraries"
    Type="Package"
    LastWriteTime="134012853723106658" />
  <Object
    Path="C:\Users\admin\Desktop\memes\Zaoshanghaojongwo\Logical\Libraries\operator\binary.lby"
    LogicalPath="Libraries.operator"
    Type="Library"
    LastWriteTime="134012853710101414" />
  <Object
    Path="C:\Users\admin\Desktop\memes\Zaoshanghaojongwo\Logical\Libraries\operator\operator.fun"
    LogicalPath="Libraries.operator.operator.fun"
    Type="File"
    LastWriteTime="134012853710031613"
    Private="false" />
  <Object
    Path="C:\Users\admin\Desktop\memes\Zaoshanghaojongwo\Logical\Libraries\operator\operator.typ"
    LogicalPath="Libraries.operator.operator.typ"
    Type="File"
    LastWriteTime="134012853710071489"
    Private="false" />
  <Object
    Path="C:\Users\admin\Desktop\memes\Zaoshanghaojongwo\Logical\Libraries\operator\operator.var"
    LogicalPath="Libraries.operator.operator.var"
    Type="File"
    LastWriteTime="134012853710091513"
    Private="false" />
  <Object
    Path="C:\Users\admin\Desktop\memes\Zaoshanghaojongwo\Logical\Libraries\runtime\binary.lby"
    LogicalPath="Libraries.runtime"
    Type="Library"
    LastWriteTime="134012853714529573" />
  <Object
    Path="C:\Users\admin\Desktop\memes\Zaoshanghaojongwo\Logical\Libraries\runtime\runtime.fun"
    LogicalPath="Libraries.runtime.runtime.fun"
    Type="File"
    LastWriteTime="134012853714489909"
    Private="false" />
  <Object
    Path="C:\Users\admin\Desktop\memes\Zaoshanghaojongwo\Logical\Libraries\runtime\runtime.typ"
    LogicalPath="Libraries.runtime.runtime.typ"
    Type="File"
    LastWriteTime="134012853714509627"
    Private="false" />
  <Object
    Path="C:\Users\admin\Desktop\memes\Zaoshanghaojongwo\Logical\Libraries\runtime\runtime.var"
    LogicalPath="Libraries.runtime.runtime.var"
    Type="File"
    LastWriteTime="134012853714529573"
    Private="false" />
  <Object
    Path="C:\Users\admin\Desktop\memes\Zaoshanghaojongwo\Logical\Libraries\astime\binary.lby"
    LogicalPath="Libraries.astime"
    Type="Library"
    LastWriteTime="134012853718848034" />
  <Object
    Path="C:\Users\admin\Desktop\memes\Zaoshanghaojongwo\Logical\Libraries\astime\astime.fun"
    LogicalPath="Libraries.astime.astime.fun"
    Type="File"
    LastWriteTime="134012853718808137"
    Private="false" />
  <Object
    Path="C:\Users\admin\Desktop\memes\Zaoshanghaojongwo\Logical\Libraries\astime\astime.typ"
    LogicalPath="Libraries.astime.astime.typ"
    Type="File"
    LastWriteTime="134012853718828085"
    Private="false" />
  <Object
    Path="C:\Users\admin\Desktop\memes\Zaoshanghaojongwo\Logical\Libraries\astime\astime.var"
    LogicalPath="Libraries.astime.astime.var"
    Type="File"
    LastWriteTime="134012853718848034"
    Private="false" />
  <Object
    Path="C:\Users\admin\Desktop\memes\Zaoshanghaojongwo\Logical\Libraries\AsIecCon\binary.lby"
    LogicalPath="Libraries.AsIecCon"
    Type="Library"
    LastWriteTime="134012853723056783" />
  <Object
    Path="C:\Users\admin\Desktop\memes\Zaoshanghaojongwo\Logical\Libraries\AsIecCon\AsIecCon.fun"
    LogicalPath="Libraries.AsIecCon.AsIecCon.fun"
    Type="File"
    LastWriteTime="134012853723016892"
    Private="false" />
  <Object
    Path="C:\Users\admin\Desktop\memes\Zaoshanghaojongwo\Logical\Libraries\AsIecCon\AsIecCon.typ"
    LogicalPath="Libraries.AsIecCon.AsIecCon.typ"
    Type="File"
    LastWriteTime="134012853723026861"
    Private="false" />
  <Object
    Path="C:\Users\admin\Desktop\memes\Zaoshanghaojongwo\Logical\Libraries\AsIecCon\AsIecCon.var"
    LogicalPath="Libraries.AsIecCon.AsIecCon.var"
    Type="File"
    LastWriteTime="134012853723046816"
    Private="false" />
  <Object
    Path="C:\Users\admin\Desktop\memes\Zaoshanghaojongwo\Logical\Program\ANSIC.prg"
    LogicalPath="Program"
    Type="Program"
    LastWriteTime="134012854046205611" />
  <Object
    Path="C:\Users\admin\Desktop\memes\Zaoshanghaojongwo\Logical\Program\Cyclic.c"
    LogicalPath="Program.Cyclic.c"
    Type="File"
    LastWriteTime="134037039327796076"
    Private="false" />
  <Object
    Path="C:\Users\admin\Desktop\memes\Zaoshanghaojongwo\Logical\Program\Init.c"
    LogicalPath="Program.Init.c"
    Type="File"
    LastWriteTime="134037083664508921"
    Private="false" />
  <Object
    Path="C:\Users\admin\Desktop\memes\Zaoshanghaojongwo\Logical\Program\Exit.c"
    LogicalPath="Program.Exit.c"
    Type="File"
    LastWriteTime="134012854046155746"
    Private="false" />
  <Object
    Path="C:\Users\admin\Desktop\memes\Zaoshanghaojongwo\Logical\Program\Types.typ"
    LogicalPath="Program.Types.typ"
    Type="File"
    LastWriteTime="134012854046175731"
    Private="true" />
  <Object
    Path="C:\Users\admin\Desktop\memes\Zaoshanghaojongwo\Logical\Program\Variables.var"
    LogicalPath="Program.Variables.var"
    Type="File"
    LastWriteTime="134037039327885815"
    Private="true" />
  <Object
    Path="C:\Users\admin\Desktop\memes\Zaoshanghaojongwo\Logical\Motor\ANSIC.lby"
    LogicalPath="Motor"
    Type="Library"
    LastWriteTime="134012859347516709" />
  <Object
    Path="C:\Users\admin\Desktop\memes\Zaoshanghaojongwo\Logical\Motor\Types.typ"
    LogicalPath="Motor.Types.typ"
    Type="File"
    LastWriteTime="134012854102140721"
    Private="false" />
  <Object
    Path="C:\Users\admin\Desktop\memes\Zaoshanghaojongwo\Logical\Motor\Constants.var"
    LogicalPath="Motor.Constants.var"
    Type="File"
    LastWriteTime="134012854102150694"
    Private="false" />
  <Object
    Path="C:\Users\admin\Desktop\memes\Zaoshanghaojongwo\Logical\Motor\Motor.fun"
    LogicalPath="Motor.Motor.fun"
    Type="File"
    LastWriteTime="134037038395448737"
    Private="false" />
  <Object
    Path="C:\Users\admin\Desktop\memes\Zaoshanghaojongwo\Logical\Motor\FB_Motor.c"
    LogicalPath="Motor.FB_Motor.c"
    Type="File"
    LastWriteTime="134037037989251346"
    Private="false" />
  <Object
    Path="C:\Users\admin\Desktop\memes\Zaoshanghaojongwo\Logical\Motor\FB_Regulator.c"
    LogicalPath="Motor.FB_Regulator.c"
    Type="File"
    LastWriteTime="134037036758527129"
    Private="false" />
  <Object
    Path="C:\Users\admin\Desktop\memes\Zaoshanghaojongwo\Logical\Motor\FB_Integrator.c"
    LogicalPath="Motor.FB_Integrator.c"
    Type="File"
    LastWriteTime="134037035253493372"
    Private="false" />
  <Object
    Path="C:\Users\admin\Desktop\memes\Zaoshanghaojongwo\Physical\Config1\Config.pkg"
    LogicalPath="Config1"
    Type="Configuration.ParentUnknown"
    LastWriteTime="134012853754502723" />
  <Object
    Path="C:\Users\admin\Desktop\memes\Zaoshanghaojongwo\Physical\Config1\Hardware.hw"
    LogicalPath="Config1.Hardware.hw"
    Type="File"
    LastWriteTime="134037029857424771"
    Private="false" />
  <Object
    Path="C:\Users\admin\Desktop\memes\Zaoshanghaojongwo\Physical\Config1\Hardware.hwl"
    LogicalPath="Config1.Hardware.hwl"
    Type="File"
    LastWriteTime="131865063240000000"
    Private="false" />
  <Object
    Path="C:\Users\admin\Desktop\memes\Zaoshanghaojongwo\Physical\Config1\4PP065_0351_P74\Cpu.pkg"
    LogicalPath="Config1.4PP065_0351_P74"
    Type="Cpu"
    LastWriteTime="134012853743532048" />
  <Object
    Path="C:\Users\admin\Desktop\memes\Zaoshanghaojongwo\Physical\Config1\4PP065_0351_P74\Cpu.sw"
    LogicalPath="Config1.4PP065_0351_P74.Cpu.sw"
    Type="File"
    LastWriteTime="134012854985709044"
    Private="false" />
  <Object
    Path="C:\Users\admin\Desktop\memes\Zaoshanghaojongwo\Physical\Config1\4PP065_0351_P74\Cpu.per"
    LogicalPath="Config1.4PP065_0351_P74.Cpu.per"
    Type="File"
    LastWriteTime="134012853726048796"
    Private="false" />
  <Object
    Path="C:\Users\admin\Desktop\memes\Zaoshanghaojongwo\Physical\Config1\4PP065_0351_P74\IoMap.iom"
    LogicalPath="Config1.4PP065_0351_P74.IoMap.iom"
    Type="File"
    LastWriteTime="134012853726058765"
    Private="false" />
  <Object
    Path="C:\Users\admin\Desktop\memes\Zaoshanghaojongwo\Physical\Config1\4PP065_0351_P74\PvMap.vvm"
    LogicalPath="Config1.4PP065_0351_P74.PvMap.vvm"
    Type="File"
    LastWriteTime="134012853726068730"
    Private="false" />
  <Object
    Path="C:\Users\admin\Desktop\memes\Zaoshanghaojongwo\Physical\Config1\4PP065_0351_P74\Connectivity\Package.pkg"
    LogicalPath="Config1.4PP065_0351_P74.Connectivity"
    Type="Package"
    LastWriteTime="134012853726367933" />
  <Object
    Path="C:\Users\admin\Desktop\memes\Zaoshanghaojongwo\Physical\Config1\4PP065_0351_P74\Connectivity\OpcUA\Package.pkg"
    LogicalPath="Config1.4PP065_0351_P74.Connectivity.OpcUA"
    Type="Package"
    LastWriteTime="134012853726357968" />
  <Object
    Path="C:\Users\admin\Desktop\memes\Zaoshanghaojongwo\Physical\Config1\4PP065_0351_P74\TextSystem\Package.pkg"
    LogicalPath="Config1.4PP065_0351_P74.TextSystem"
    Type="Package"
    LastWriteTime="134012853726397855" />
  <Object
    Path="C:\Users\admin\Desktop\memes\Zaoshanghaojongwo\Physical\Config1\4PP065_0351_P74\UnitSystem\Package.pkg"
    LogicalPath="Config1.4PP065_0351_P74.UnitSystem"
    Type="Package"
    LastWriteTime="134012853726427770" />
  <Object
    Path="C:\Users\admin\Desktop\memes\Zaoshanghaojongwo\Physical\Config1\4PP065_0351_P74\AccessAndSecurity\Package.pkg"
    LogicalPath="Config1.4PP065_0351_P74.AccessAndSecurity"
    Type="Package"
    LastWriteTime="134012853726766867" />
  <Object
    Path="C:\Users\admin\Desktop\memes\Zaoshanghaojongwo\Physical\Config1\4PP065_0351_P74\AccessAndSecurity\UserRoleSystem\Package.pkg"
    LogicalPath="Config1.4PP065_0351_P74.AccessAndSecurity.UserRoleSystem"
    Type="Package"
    LastWriteTime="134012853726527504" />
  <Object
    Path="C:\Users\admin\Desktop\memes\Zaoshanghaojongwo\Physical\Config1\4PP065_0351_P74\AccessAndSecurity\UserRoleSystem\Role.role"
    LogicalPath="Config1.4PP065_0351_P74.AccessAndSecurity.UserRoleSystem.Role.role"
    Type="File"
    LastWriteTime="134012853726507559"
    Private="false" />
  <Object
    Path="C:\Users\admin\Desktop\memes\Zaoshanghaojongwo\Physical\Config1\4PP065_0351_P74\AccessAndSecurity\UserRoleSystem\User.user"
    LogicalPath="Config1.4PP065_0351_P74.AccessAndSecurity.UserRoleSystem.User.user"
    Type="File"
    LastWriteTime="134012853726527504"
    Private="false" />
  <Object
    Path="C:\Users\admin\Desktop\memes\Zaoshanghaojongwo\Physical\Config1\4PP065_0351_P74\AccessAndSecurity\CertificateStore\Package.pkg"
    LogicalPath="Config1.4PP065_0351_P74.AccessAndSecurity.CertificateStore"
    Type="Package"
    LastWriteTime="134012853726736943" />
  <Object
    Path="C:\Users\admin\Desktop\memes\Zaoshanghaojongwo\Physical\Config1\4PP065_0351_P74\AccessAndSecurity\CertificateStore\OwnCertificates\Package.pkg"
    LogicalPath="Config1.4PP065_0351_P74.AccessAndSecurity.CertificateStore.OwnCertificates"
    Type="Package"
    LastWriteTime="134012853726627239" />
  <Object
    Path="C:\Users\admin\Desktop\memes\Zaoshanghaojongwo\Physical\Config1\4PP065_0351_P74\AccessAndSecurity\CertificateStore\OwnCertificates\Certificates\Package.pkg"
    LogicalPath="Config1.4PP065_0351_P74.AccessAndSecurity.CertificateStore.OwnCertificates.Certificates"
    Type="Package"
    LastWriteTime="134012853726597316" />
  <Object
    Path="C:\Users\admin\Desktop\memes\Zaoshanghaojongwo\Physical\Config1\4PP065_0351_P74\AccessAndSecurity\CertificateStore\OwnCertificates\PrivateKeys\Package.pkg"
    LogicalPath="Config1.4PP065_0351_P74.AccessAndSecurity.CertificateStore.OwnCertificates.PrivateKeys"
    Type="Package"
    LastWriteTime="134012853726627239" />
  <Object
    Path="C:\Users\admin\Desktop\memes\Zaoshanghaojongwo\Physical\Config1\4PP065_0351_P74\AccessAndSecurity\CertificateStore\ThirdPartyCertificates\Package.pkg"
    LogicalPath="Config1.4PP065_0351_P74.AccessAndSecurity.CertificateStore.ThirdPartyCertificates"
    Type="Package"
    LastWriteTime="134012853726677104" />
  <Object
    Path="C:\Users\admin\Desktop\memes\Zaoshanghaojongwo\Physical\Config1\4PP065_0351_P74\AccessAndSecurity\CertificateStore\ThirdPartyCertificates\SoftwareCertificates\Package.pkg"
    LogicalPath="Config1.4PP065_0351_P74.AccessAndSecurity.CertificateStore.ThirdPartyCertificates.SoftwareCertificates"
    Type="Package"
    LastWriteTime="134012853726677104" />
  <Object
    Path="C:\Users\admin\Desktop\memes\Zaoshanghaojongwo\Physical\Config1\4PP065_0351_P74\AccessAndSecurity\CertificateStore\CertificateRevocationLists\Package.pkg"
    LogicalPath="Config1.4PP065_0351_P74.AccessAndSecurity.CertificateStore.CertificateRevocationLists"
    Type="Package"
    LastWriteTime="134012853726707026" />
  <Object
    Path="C:\Users\admin\Desktop\memes\Zaoshanghaojongwo\Physical\Config1\4PP065_0351_P74\AccessAndSecurity\CertificateStore\CertificateSigningRequests\Package.pkg"
    LogicalPath="Config1.4PP065_0351_P74.AccessAndSecurity.CertificateStore.CertificateSigningRequests"
    Type="Package"
    LastWriteTime="134012853726726972" />
  <Object
    Path="C:\Users\admin\Desktop\memes\Zaoshanghaojongwo\Physical\Config1\4PP065_0351_P74\AccessAndSecurity\TransportLayerSecurity\Package.pkg"
    LogicalPath="Config1.4PP065_0351_P74.AccessAndSecurity.TransportLayerSecurity"
    Type="Package"
    LastWriteTime="134012853726766867" />
  <Object
    Path="C:\Users\admin\Desktop\memes\Zaoshanghaojongwo\Physical\Config1\4PP065_0351_P74\mappControl\Package.pkg"
    LogicalPath="Config1.4PP065_0351_P74.mappControl"
    Type="Package"
    LastWriteTime="134012853726796782" />
  <Object
    Path="C:\Users\admin\Desktop\memes\Zaoshanghaojongwo\Physical\Config1\4PP065_0351_P74\mappMotion\Package.pkg"
    LogicalPath="Config1.4PP065_0351_P74.mappMotion"
    Type="Package"
    LastWriteTime="134012853726836677" />
  <Object
    Path="C:\Users\admin\Desktop\memes\Zaoshanghaojongwo\Physical\Config1\4PP065_0351_P74\mappServices\Package.pkg"
    LogicalPath="Config1.4PP065_0351_P74.mappServices"
    Type="Package"
    LastWriteTime="134012853726866600" />
  <Object
    Path="C:\Users\admin\Desktop\memes\Zaoshanghaojongwo\Physical\Config1\4PP065_0351_P74\mappView\Package.pkg"
    LogicalPath="Config1.4PP065_0351_P74.mappView"
    Type="Package"
    LastWriteTime="134012853726896518" />
  <Object
    Path="C:\Users\admin\Desktop\memes\Zaoshanghaojongwo\Physical\Config1\4PP065_0351_P74\mappCockpit\Package.pkg"
    LogicalPath="Config1.4PP065_0351_P74.mappCockpit"
    Type="Package"
    LastWriteTime="134012853726926439" />
  <Object
    Path="C:\Users\admin\Desktop\memes\Zaoshanghaojongwo\Physical\Config1\4PP065_0351_P74\VC\Package.pkg"
    LogicalPath="Config1.4PP065_0351_P74.VC"
    Type="Package"
    LastWriteTime="134012853744988170" />
  <Object
    Path="C:\Users\admin\Desktop\memes\Zaoshanghaojongwo\Physical\Config1\4PP065_0351_P74\VC\4PP065_0351_P74.dis"
    LogicalPath="Config1.4PP065_0351_P74.VC.4PP065_0351_P74.dis"
    Type="File"
    LastWriteTime="134012853745087891"
    Private="false" />
  <Object
    Path="C:\Users\admin\Desktop\memes\Zaoshanghaojongwo\Physical\Config1\Hardware.jpg"
    LogicalPath="Config1.Hardware.jpg"
    Type="File"
    LastWriteTime="134018901951783758"
    Private="false" />
</Objects>